<?xml version="1.0" encoding="UTF-8"?>
<!-- Generated by org.testng.reporters.JUnitReportReporter -->
<testsuite skipped="0" hostname="user" name="tyss_JobPortalWebPractice.TC002_Authentication" tests="1" failures="0" timestamp="2021-10-21T09:12:31 IST" time="4.674" errors="0">
  <testcase name="authentication" time="4.674" classname="tyss_JobPortalWebPractice.TC002_Authentication"/>
  <system-out/>
</testsuite> <!-- tyss_JobPortalWebPractice.TC002_Authentication -->
