<?xml version="1.0" encoding="UTF-8"?>
<!-- Generated by org.testng.reporters.JUnitReportReporter -->
<testsuite skipped="0" hostname="user" name="tyss_JobPortalWebPractice.TC003_GetAllJobDescription2" tests="1" failures="0" timestamp="2021-10-21T09:13:09 IST" time="3.369" errors="0">
  <testcase name="getAllJobDescription" time="3.369" classname="tyss_JobPortalWebPractice.TC003_GetAllJobDescription2"/>
  <system-out/>
</testsuite> <!-- tyss_JobPortalWebPractice.TC003_GetAllJobDescription2 -->
