<?xml version="1.0" encoding="UTF-8"?>
<!-- Generated by org.testng.reporters.JUnitReportReporter -->
<testsuite skipped="0" hostname="user" name="tyss_JobPortalWebPractice.TC007_Update_PATCH_Details2" tests="1" failures="0" timestamp="2021-10-21T09:14:10 IST" time="2.666" errors="0">
  <testcase name="updateJobDetails" time="2.666" classname="tyss_JobPortalWebPractice.TC007_Update_PATCH_Details2"/>
  <system-out/>
</testsuite> <!-- tyss_JobPortalWebPractice.TC007_Update_PATCH_Details2 -->
