<?xml version="1.0" encoding="UTF-8"?>
<!-- Generated by org.testng.reporters.JUnitReportReporter -->
<testsuite skipped="0" hostname="user" name="tyss_JobPortalWeb.TC008_DeleteJobDetails" tests="1" failures="0" timestamp="2021-10-22T08:18:25 IST" time="1.545" errors="0">
  <testcase name="deleteJobDetails" time="1.545" classname="tyss_JobPortalWeb.TC008_DeleteJobDetails"/>
  <system-out/>
</testsuite> <!-- tyss_JobPortalWeb.TC008_DeleteJobDetails -->
