<?xml version="1.0" encoding="UTF-8"?>
<!-- Generated by org.testng.reporters.JUnitReportReporter -->
<testsuite hostname="LAPTOP-N34GTUSU" failures="0" tests="1" name="com.demo.testscripts.TC1_SignUpUser" time="4.041" errors="0" timestamp="19 Oct 2021 08:09:29 GMT" skipped="0">
  <testcase classname="com.demo.testscripts.TC1_SignUpUser" name="userSignUpTest" time="4.041"/>
</testsuite> <!-- com.demo.testscripts.TC1_SignUpUser -->
