<?xml version="1.0" encoding="UTF-8"?>
<!-- Generated by org.testng.reporters.JUnitReportReporter -->
<testsuite skipped="0" hostname="user" name="tyss_JobPortalWeb.TC007_Update_PATCH_Details" tests="1" failures="0" timestamp="2021-10-22T08:18:25 IST" time="1.555" errors="0">
  <testcase name="updateJobDetails" time="1.555" classname="tyss_JobPortalWeb.TC007_Update_PATCH_Details"/>
  <system-out/>
</testsuite> <!-- tyss_JobPortalWeb.TC007_Update_PATCH_Details -->
