<?xml version="1.0" encoding="UTF-8"?>
<!-- Generated by org.testng.reporters.JUnitReportReporter -->
<testsuite hostname="LAPTOP-N34GTUSU" failures="0" tests="1" name="com.demo.testscripts.TC1_Reqres_SingleUser" time="2.980" errors="0" timestamp="19 Oct 2021 07:35:18 GMT" skipped="0">
  <testcase classname="com.demo.testscripts.TC1_Reqres_SingleUser" name="listSingleUser" time="2.980"/>
</testsuite> <!-- com.demo.testscripts.TC1_Reqres_SingleUser -->
