<?xml version="1.0" encoding="UTF-8"?>
<!-- Generated by org.testng.reporters.JUnitReportReporter -->
<testsuite skipped="0" hostname="user" name="tyss_JobPortalWebPractice.TC004_AddJobDetails" tests="1" failures="0" timestamp="2021-10-21T09:13:25 IST" time="4.300" errors="0">
  <testcase name="addJobDetails" time="4.300" classname="tyss_JobPortalWebPractice.TC004_AddJobDetails"/>
  <system-out/>
</testsuite> <!-- tyss_JobPortalWebPractice.TC004_AddJobDetails -->
