<?xml version="1.0" encoding="UTF-8"?>
<!-- Generated by org.testng.reporters.JUnitReportReporter -->
<testsuite hostname="LAPTOP-N34GTUSU" failures="0" tests="1" name="com.demo.testscripts.TC3_GetUsersUsingAuthenthication" time="1.601" errors="0" timestamp="19 Oct 2021 07:53:57 GMT" skipped="0">
  <testcase classname="com.demo.testscripts.TC3_GetUsersUsingAuthenthication" name="getListUser" time="1.601"/>
</testsuite> <!-- com.demo.testscripts.TC3_GetUsersUsingAuthenthication -->
