<?xml version="1.0" encoding="UTF-8"?>
<!-- Generated by org.testng.reporters.JUnitReportReporter -->
<testsuite skipped="0" hostname="user" name="tyss_JobPortalWebPractice.TC005_FindJobDescription" tests="1" failures="0" timestamp="2021-10-21T09:13:37 IST" time="3.386" errors="0">
  <testcase name="findJobDetails" time="3.386" classname="tyss_JobPortalWebPractice.TC005_FindJobDescription"/>
  <system-out/>
</testsuite> <!-- tyss_JobPortalWebPractice.TC005_FindJobDescription -->
