<?xml version="1.0" encoding="UTF-8"?>
<!-- Generated by org.testng.reporters.JUnitReportReporter -->
<testsuite skipped="0" hostname="user" name="tyss_JobPortalWeb.TC001_SignUp" tests="1" failures="0" timestamp="2021-10-25T13:24:29 IST" time="3.907" errors="0">
  <testcase name="signUp" time="3.907" classname="tyss_JobPortalWeb.TC001_SignUp"/>
  <system-out/>
</testsuite> <!-- tyss_JobPortalWeb.TC001_SignUp -->
