<?xml version="1.0" encoding="UTF-8"?>
<!-- Generated by org.testng.reporters.JUnitReportReporter -->
<testsuite skipped="0" hostname="user" name="tyss_JobPortalWeb.TC003_GetAllJobDescription" tests="1" failures="0" timestamp="2021-10-22T08:18:25 IST" time="1.571" errors="0">
  <testcase name="getAllJobDescription" time="1.571" classname="tyss_JobPortalWeb.TC003_GetAllJobDescription"/>
  <system-out/>
</testsuite> <!-- tyss_JobPortalWeb.TC003_GetAllJobDescription -->
