<?xml version="1.0" encoding="UTF-8"?>
<!-- Generated by org.testng.reporters.JUnitReportReporter -->
<testsuite skipped="0" hostname="user" name="tyss_JobPortalWebPractice2.TC002_Authentication" tests="1" failures="0" timestamp="2021-10-22T08:20:12 IST" time="2.224" errors="0">
  <testcase name="authentication" time="2.224" classname="tyss_JobPortalWebPractice2.TC002_Authentication"/>
  <system-out/>
</testsuite> <!-- tyss_JobPortalWebPractice2.TC002_Authentication -->
