<?xml version="1.0" encoding="UTF-8"?>
<!-- Generated by org.testng.reporters.JUnitReportReporter -->
<testsuite skipped="0" hostname="user" name="tyss_JobPortalWeb.TC002_Authentication" tests="1" failures="0" timestamp="2021-10-25T13:24:42 IST" time="5.194" errors="0">
  <testcase name="authentication" time="5.194" classname="tyss_JobPortalWeb.TC002_Authentication"/>
  <system-out/>
</testsuite> <!-- tyss_JobPortalWeb.TC002_Authentication -->
