<?xml version="1.0" encoding="UTF-8"?>
<!-- Generated by org.testng.reporters.JUnitReportReporter -->
<testsuite skipped="0" hostname="user" name="tyss_JobPortalWebPractice2.TC006_Update_PUT_Details" tests="1" failures="0" timestamp="2021-10-22T08:20:12 IST" time="1.489" errors="0">
  <testcase name="updateJobDetails" time="1.489" classname="tyss_JobPortalWebPractice2.TC006_Update_PUT_Details"/>
  <system-out/>
</testsuite> <!-- tyss_JobPortalWebPractice2.TC006_Update_PUT_Details -->
