<?xml version="1.0" encoding="UTF-8"?>
<!-- Generated by org.testng.reporters.JUnitReportReporter -->
<testsuite skipped="0" hostname="user" name="tyss_JobPortalWeb.TC004_AddJobDetails" tests="1" failures="0" timestamp="2021-10-22T08:18:25 IST" time="1.499" errors="0">
  <testcase name="addJobDetails" time="1.499" classname="tyss_JobPortalWeb.TC004_AddJobDetails"/>
  <system-out/>
</testsuite> <!-- tyss_JobPortalWeb.TC004_AddJobDetails -->
