<?xml version="1.0" encoding="UTF-8"?>
<!-- Generated by org.testng.reporters.JUnitReportReporter -->
<testsuite skipped="0" hostname="user" name="tyss_JobPortalWebPractice.TC001_SignUp" tests="1" failures="0" timestamp="2021-10-21T09:11:57 IST" time="22.480" errors="0">
  <testcase name="signUp" time="22.480" classname="tyss_JobPortalWebPractice.TC001_SignUp"/>
  <system-out/>
</testsuite> <!-- tyss_JobPortalWebPractice.TC001_SignUp -->
