<?xml version="1.0" encoding="UTF-8"?>
<!-- Generated by org.testng.reporters.JUnitReportReporter -->
<testsuite skipped="0" hostname="user" name="tyss_JobPortalWebPractice.TC003_GetAllJobDescription" tests="1" failures="0" timestamp="2021-10-21T09:12:59 IST" time="4.232" errors="0">
  <testcase name="getAllJobDescription" time="4.232" classname="tyss_JobPortalWebPractice.TC003_GetAllJobDescription"/>
  <system-out/>
</testsuite> <!-- tyss_JobPortalWebPractice.TC003_GetAllJobDescription -->
