<?xml version="1.0" encoding="UTF-8"?>
<!-- Generated by org.testng.reporters.JUnitReportReporter -->
<testsuite hostname="LAPTOP-N34GTUSU" failures="0" tests="1" name="com.demo.testscripts.Test" time="3.538" errors="0" timestamp="19 Oct 2021 07:18:40 GMT" skipped="0">
  <testcase classname="com.demo.testscripts.Test" name="userSignUpTest123" time="3.538"/>
</testsuite> <!-- com.demo.testscripts.Test -->
